<?xml version="1.0" encoding="UTF-8"?>
<TestRun id="46c1f65f-b2fd-40a3-9435-4139fe206ddc" name="poladmar@WL033766 2011-11-09 19:01:01" runUser="EU\poladmar" xmlns="http://microsoft.com/schemas/VisualStudio/TeamTest/2010">
  <TestSettings name="Local" id="8ade650e-4af8-415d-b3e8-b44d3ce8c4dd">
    <Description>These are default test settings for a local test run.</Description>
    <Deployment enabled="false" runDeploymentRoot="poladmar_WL033766 2011-11-09 19_01_01" />
    <Execution>
      <TestTypeSpecific />
      <AgentRule name="Execution Agents">
      </AgentRule>
    </Execution>
  </TestSettings>
  <Times creation="2011-11-09T19:01:01.6059360+01:00" queuing="2011-11-09T19:01:01.6349377+01:00" start="2011-11-09T19:01:01.6719398+01:00" finish="2011-11-09T19:01:02.0379607+01:00" />
  <ResultSummary outcome="Completed">
    <Counters total="1" executed="1" passed="1" error="0" failed="0" timeout="0" aborted="0" inconclusive="0" passedButRunAborted="0" notRunnable="0" notExecuted="0" disconnected="0" warning="0" completed="0" inProgress="0" pending="0" />
  </ResultSummary>
  <TestDefinitions>
    <UnitTest name="CanInvokeDummyService" storage="d:\home\personaldevel\playground\wcfbasedemo\wcfbasedemo.host.deploymenttests\bin\debug\wcfbasedemo.host.deploymenttests.dll" id="6ecf0c46-d28c-29e9-5077-e81e65ddd2c3">
      <Execution id="f208bd80-fa88-46d0-b126-f5040962373a" />
      <TestMethod codeBase="D:/Home/PersonalDevel/playground/WCFBaseDemo/WCFBaseDemo.Host.DeploymentTests/bin/Debug/WCFBaseDemo.Host.DeploymentTests.DLL" adapterTypeName="Microsoft.VisualStudio.TestTools.TestTypes.Unit.UnitTestAdapter, Microsoft.VisualStudio.QualityTools.Tips.UnitTest.Adapter, Version=10.0.0.0, Culture=neutral, PublicKeyToken=b03f5f7f11d50a3a" className="WCFBaseDemo.Host.DeploymentTests.ServicesOnLocalIISTest, WCFBaseDemo.Host.DeploymentTests, Version=1.0.0.0, Culture=neutral, PublicKeyToken=null" name="CanInvokeDummyService" />
    </UnitTest>
  </TestDefinitions>
  <TestLists>
    <TestList name="Results Not in a List" id="8c84fa94-04c1-424b-9868-57a2d4851a1d" />
    <TestList name="All Loaded Results" id="19431567-8539-422a-85d7-44ee4e166bda" />
  </TestLists>
  <TestEntries>
    <TestEntry testId="6ecf0c46-d28c-29e9-5077-e81e65ddd2c3" executionId="f208bd80-fa88-46d0-b126-f5040962373a" testListId="8c84fa94-04c1-424b-9868-57a2d4851a1d" />
  </TestEntries>
  <Results>
    <UnitTestResult executionId="f208bd80-fa88-46d0-b126-f5040962373a" testId="6ecf0c46-d28c-29e9-5077-e81e65ddd2c3" testName="CanInvokeDummyService" computerName="WL033766" duration="00:00:00.1259886" startTime="2011-11-09T19:01:01.6899408+01:00" endTime="2011-11-09T19:01:02.0059589+01:00" testType="13cdc9d9-ddb5-4fa4-a97d-d965ccfc6d4b" outcome="Passed" testListId="8c84fa94-04c1-424b-9868-57a2d4851a1d" relativeResultsDirectory="f208bd80-fa88-46d0-b126-f5040962373a">
    </UnitTestResult>
  </Results>
</TestRun>